2026-05-02 01:22:49,211 - INFO - Starting pipeline. Agents: Triage=True, Retrieval=True, Answer=True
2026-05-02 01:22:49,755 - INFO - Queue size: 10
2026-05-02 01:22:49,755 - INFO - Processing Ticket 43d4b811-629d-417d-974f-57c85c075427...
2026-05-02 01:22:53,906 - INFO - Ticket 43d4b811-629d-417d-974f-57c85c075427 processed successfully.
2026-05-02 01:22:53,906 - INFO - Processing Ticket 61f4fb1d-4f29-41b0-a19c-871b9827024a...
2026-05-02 01:22:59,027 - INFO - Ticket 61f4fb1d-4f29-41b0-a19c-871b9827024a processed successfully.
2026-05-02 01:22:59,027 - INFO - Processing Ticket 8468d8e8-a4e6-4293-9de8-da2223c8dbcc...
2026-05-02 01:23:03,194 - INFO - Ticket 8468d8e8-a4e6-4293-9de8-da2223c8dbcc processed successfully.
2026-05-02 01:23:03,195 - INFO - Processing Ticket 8d16f0fc-c0ca-4bc8-a77f-e8ca3eb1d669...
2026-05-02 01:23:09,344 - INFO - Ticket 8d16f0fc-c0ca-4bc8-a77f-e8ca3eb1d669 processed successfully.
2026-05-02 01:23:09,344 - INFO - Processing Ticket 92c63d4e-7f9e-4314-a857-96614a069ccd...
2026-05-02 01:23:16,407 - INFO - Ticket 92c63d4e-7f9e-4314-a857-96614a069ccd processed successfully.
2026-05-02 01:23:16,407 - INFO - Processing Ticket a74972b2-d5b0-4726-a02d-02cd971ce4cc...
2026-05-02 01:23:19,492 - INFO - Ticket a74972b2-d5b0-4726-a02d-02cd971ce4cc processed successfully.
2026-05-02 01:23:19,493 - INFO - Processing Ticket ba417ba9-aa23-4d99-9b71-47123a47a740...
2026-05-02 01:23:20,674 - WARNING - [ba417ba9-aa23-4d99-9b71-47123a47a740] No grounding chunks found for ecosystem: none 
2026-05-02 01:23:21,849 - INFO - Ticket ba417ba9-aa23-4d99-9b71-47123a47a740 processed successfully.
2026-05-02 01:23:21,849 - INFO - Processing Ticket e36b277f-d6f3-4aa7-8c49-c843c64912a0...
2026-05-02 01:23:25,592 - INFO - Ticket e36b277f-d6f3-4aa7-8c49-c843c64912a0 processed successfully.
2026-05-02 01:23:25,593 - INFO - Processing Ticket f4f49ab8-3723-4db7-b708-174ef385e41a...
2026-05-02 01:23:27,258 - WARNING - [f4f49ab8-3723-4db7-b708-174ef385e41a] No grounding chunks found for ecosystem: nan
2026-05-02 01:23:29,101 - INFO - Ticket f4f49ab8-3723-4db7-b708-174ef385e41a processed successfully.
2026-05-02 01:23:29,101 - INFO - Processing Ticket ff02c522-caeb-422b-89a2-4d85d277fce2...
2026-05-02 01:23:39,433 - INFO - Ticket ff02c522-caeb-422b-89a2-4d85d277fce2 processed successfully.
2026-05-02 01:33:22,485 - INFO - --- STARTING EVALUATION ---
2026-05-02 01:33:22,486 - INFO - Evaluating fields: ['product_area', 'request_type', 'status', 'response', 'justification']
2026-05-02 01:33:22,486 - INFO - Starting pipeline. Agents: Triage=True, Retrieval=True, Answer=True
2026-05-02 01:33:22,946 - INFO - Queue size: 10 | Target Similarity: 0.75
2026-05-02 01:33:22,947 - INFO - Processing Ticket 43d4b811-629d-417d-974f-57c85c075427...
2026-05-02 01:33:26,421 - INFO - Ticket 43d4b811-629d-417d-974f-57c85c075427 processed successfully.
2026-05-02 01:33:27,311 - INFO - Ticket 43d4b811-629d-417d-974f-57c85c075427 Actual Sim: 0.8451
2026-05-02 01:33:27,312 - INFO - Processing Ticket 61f4fb1d-4f29-41b0-a19c-871b9827024a...
2026-05-02 01:33:31,425 - INFO - Ticket 61f4fb1d-4f29-41b0-a19c-871b9827024a processed successfully.
2026-05-02 01:33:32,061 - INFO - Ticket 61f4fb1d-4f29-41b0-a19c-871b9827024a Actual Sim: 0.8333
2026-05-02 01:33:32,061 - INFO - Processing Ticket 8468d8e8-a4e6-4293-9de8-da2223c8dbcc...
2026-05-02 01:33:35,914 - INFO - Ticket 8468d8e8-a4e6-4293-9de8-da2223c8dbcc processed successfully.
2026-05-02 01:33:36,568 - INFO - Ticket 8468d8e8-a4e6-4293-9de8-da2223c8dbcc Actual Sim: 0.7277
2026-05-02 01:33:36,568 - INFO - Processing Ticket 8d16f0fc-c0ca-4bc8-a77f-e8ca3eb1d669...
2026-05-02 01:33:41,357 - INFO - Ticket 8d16f0fc-c0ca-4bc8-a77f-e8ca3eb1d669 processed successfully.
2026-05-02 01:33:42,058 - INFO - Ticket 8d16f0fc-c0ca-4bc8-a77f-e8ca3eb1d669 Actual Sim: 0.7915
2026-05-02 01:33:42,058 - INFO - Processing Ticket 92c63d4e-7f9e-4314-a857-96614a069ccd...
2026-05-02 01:33:47,383 - INFO - Ticket 92c63d4e-7f9e-4314-a857-96614a069ccd processed successfully.
2026-05-02 01:33:48,242 - INFO - Ticket 92c63d4e-7f9e-4314-a857-96614a069ccd Actual Sim: 0.8439
2026-05-02 01:33:48,243 - INFO - Processing Ticket a74972b2-d5b0-4726-a02d-02cd971ce4cc...
2026-05-02 01:33:52,025 - INFO - Ticket a74972b2-d5b0-4726-a02d-02cd971ce4cc processed successfully.
2026-05-02 01:33:52,576 - INFO - Ticket a74972b2-d5b0-4726-a02d-02cd971ce4cc Actual Sim: 0.8212
2026-05-02 01:33:52,576 - INFO - Processing Ticket ba417ba9-aa23-4d99-9b71-47123a47a740...
2026-05-02 01:33:53,854 - WARNING - [ba417ba9-aa23-4d99-9b71-47123a47a740] No grounding chunks found for ecosystem: none 
2026-05-02 01:33:54,948 - INFO - Ticket ba417ba9-aa23-4d99-9b71-47123a47a740 processed successfully.
2026-05-02 01:33:55,462 - INFO - Ticket ba417ba9-aa23-4d99-9b71-47123a47a740 Actual Sim: 0.7907
2026-05-02 01:33:55,462 - INFO - Processing Ticket e36b277f-d6f3-4aa7-8c49-c843c64912a0...
2026-05-02 01:33:58,846 - INFO - Ticket e36b277f-d6f3-4aa7-8c49-c843c64912a0 processed successfully.
2026-05-02 01:33:59,387 - INFO - Ticket e36b277f-d6f3-4aa7-8c49-c843c64912a0 Actual Sim: 0.9101
2026-05-02 01:33:59,388 - INFO - Processing Ticket f4f49ab8-3723-4db7-b708-174ef385e41a...
2026-05-02 01:34:05,165 - INFO - Ticket f4f49ab8-3723-4db7-b708-174ef385e41a processed successfully.
2026-05-02 01:34:05,959 - INFO - Ticket f4f49ab8-3723-4db7-b708-174ef385e41a Actual Sim: 0.7754
2026-05-02 01:34:05,959 - INFO - Processing Ticket ff02c522-caeb-422b-89a2-4d85d277fce2...
2026-05-02 01:34:07,938 - WARNING - [ff02c522-caeb-422b-89a2-4d85d277fce2] No grounding chunks found for ecosystem: nan
2026-05-02 01:34:09,429 - INFO - Ticket ff02c522-caeb-422b-89a2-4d85d277fce2 processed successfully.
2026-05-02 01:34:10,052 - INFO - Ticket ff02c522-caeb-422b-89a2-4d85d277fce2 Actual Sim: 0.7732
2026-05-02 01:34:10,054 - INFO - Average Pipeline Similarity: 0.8112
2026-05-02 01:42:23,884 - INFO - --- STARTING INDIVIDUAL TICKET EVALUATION ---
2026-05-02 01:42:23,884 - INFO - Starting pipeline. Agents: Triage=True, Retrieval=True, Answer=True
2026-05-02 01:42:24,414 - INFO - Queue size: 10 | Target Similarity: 0.75
2026-05-02 01:42:24,414 - INFO - Processing Ticket 43d4b811-629d-417d-974f-57c85c075427...
2026-05-02 01:42:27,861 - INFO - Ticket 43d4b811-629d-417d-974f-57c85c075427 processed successfully.
2026-05-02 01:42:28,764 - INFO - Ticket 43d4b811-629d-417d-974f-57c85c075427 Actual Sim: 0.8856
2026-05-02 01:42:28,764 - INFO - Processing Ticket 61f4fb1d-4f29-41b0-a19c-871b9827024a...
2026-05-02 01:42:32,738 - INFO - Ticket 61f4fb1d-4f29-41b0-a19c-871b9827024a processed successfully.
2026-05-02 01:42:33,350 - INFO - Ticket 61f4fb1d-4f29-41b0-a19c-871b9827024a Actual Sim: 0.8554
2026-05-02 01:42:33,351 - INFO - Processing Ticket 8468d8e8-a4e6-4293-9de8-da2223c8dbcc...
2026-05-02 01:42:37,313 - INFO - Ticket 8468d8e8-a4e6-4293-9de8-da2223c8dbcc processed successfully.
2026-05-02 01:42:38,059 - INFO - Ticket 8468d8e8-a4e6-4293-9de8-da2223c8dbcc Actual Sim: 0.8794
2026-05-02 01:42:38,060 - INFO - Processing Ticket 8d16f0fc-c0ca-4bc8-a77f-e8ca3eb1d669...
2026-05-02 01:42:43,055 - INFO - Ticket 8d16f0fc-c0ca-4bc8-a77f-e8ca3eb1d669 processed successfully.
2026-05-02 01:42:43,797 - INFO - Ticket 8d16f0fc-c0ca-4bc8-a77f-e8ca3eb1d669 Actual Sim: 0.8297
2026-05-02 01:42:43,798 - INFO - Processing Ticket 92c63d4e-7f9e-4314-a857-96614a069ccd...
2026-05-02 01:42:49,259 - INFO - Ticket 92c63d4e-7f9e-4314-a857-96614a069ccd processed successfully.
2026-05-02 01:42:50,073 - INFO - Ticket 92c63d4e-7f9e-4314-a857-96614a069ccd Actual Sim: 0.8162
2026-05-02 01:42:50,074 - INFO - Processing Ticket a74972b2-d5b0-4726-a02d-02cd971ce4cc...
2026-05-02 01:42:53,066 - INFO - Ticket a74972b2-d5b0-4726-a02d-02cd971ce4cc processed successfully.
2026-05-02 01:42:53,830 - INFO - Ticket a74972b2-d5b0-4726-a02d-02cd971ce4cc Actual Sim: 0.8299
2026-05-02 01:42:53,830 - INFO - Processing Ticket ba417ba9-aa23-4d99-9b71-47123a47a740...
2026-05-02 01:42:55,040 - WARNING - [ba417ba9-aa23-4d99-9b71-47123a47a740] No grounding chunks found for ecosystem: none 
2026-05-02 01:42:56,453 - INFO - Ticket ba417ba9-aa23-4d99-9b71-47123a47a740 processed successfully.
2026-05-02 01:42:57,108 - INFO - Ticket ba417ba9-aa23-4d99-9b71-47123a47a740 Actual Sim: 0.7064
2026-05-02 01:42:57,108 - INFO - Processing Ticket e36b277f-d6f3-4aa7-8c49-c843c64912a0...
2026-05-02 01:43:00,553 - INFO - Ticket e36b277f-d6f3-4aa7-8c49-c843c64912a0 processed successfully.
2026-05-02 01:43:01,210 - INFO - Ticket e36b277f-d6f3-4aa7-8c49-c843c64912a0 Actual Sim: 0.9134
2026-05-02 01:43:01,210 - INFO - Processing Ticket f4f49ab8-3723-4db7-b708-174ef385e41a...
2026-05-02 01:43:02,468 - WARNING - [f4f49ab8-3723-4db7-b708-174ef385e41a] No grounding chunks found for ecosystem: nan
2026-05-02 01:43:12,765 - INFO - Ticket f4f49ab8-3723-4db7-b708-174ef385e41a processed successfully.
2026-05-02 01:43:13,384 - INFO - Ticket f4f49ab8-3723-4db7-b708-174ef385e41a Actual Sim: 0.7509
2026-05-02 01:43:13,384 - INFO - Processing Ticket ff02c522-caeb-422b-89a2-4d85d277fce2...
2026-05-02 01:43:21,135 - WARNING - [ff02c522-caeb-422b-89a2-4d85d277fce2] No grounding chunks found for ecosystem: nan
2026-05-02 01:43:23,288 - INFO - Ticket ff02c522-caeb-422b-89a2-4d85d277fce2 processed successfully.
2026-05-02 01:43:23,936 - INFO - Ticket ff02c522-caeb-422b-89a2-4d85d277fce2 Actual Sim: 0.7404
2026-05-02 01:43:23,939 - INFO - Average Pipeline Similarity: 0.8207
2026-05-02 01:43:23,985 - INFO - --- STARTING DATASET AVERAGE EVALUATION ---
2026-05-02 01:43:23,985 - INFO - Starting pipeline. Agents: Triage=True, Retrieval=True, Answer=True
2026-05-02 01:43:24,447 - INFO - Queue size: 10
2026-05-02 01:43:24,447 - INFO - Processing Ticket 43d4b811-629d-417d-974f-57c85c075427...
2026-05-02 01:43:28,445 - INFO - Ticket 43d4b811-629d-417d-974f-57c85c075427 processed successfully.
2026-05-02 01:43:29,055 - INFO - Processing Ticket 61f4fb1d-4f29-41b0-a19c-871b9827024a...
2026-05-02 01:43:33,208 - INFO - Ticket 61f4fb1d-4f29-41b0-a19c-871b9827024a processed successfully.
2026-05-02 01:43:33,971 - INFO - Processing Ticket 8468d8e8-a4e6-4293-9de8-da2223c8dbcc...
2026-05-02 01:43:37,860 - INFO - Ticket 8468d8e8-a4e6-4293-9de8-da2223c8dbcc processed successfully.
2026-05-02 01:43:38,576 - INFO - Processing Ticket 8d16f0fc-c0ca-4bc8-a77f-e8ca3eb1d669...
2026-05-02 01:43:43,338 - INFO - Ticket 8d16f0fc-c0ca-4bc8-a77f-e8ca3eb1d669 processed successfully.
2026-05-02 01:43:44,006 - INFO - Processing Ticket 92c63d4e-7f9e-4314-a857-96614a069ccd...
2026-05-02 01:43:52,713 - INFO - Ticket 92c63d4e-7f9e-4314-a857-96614a069ccd processed successfully.
2026-05-02 01:43:53,731 - INFO - Processing Ticket a74972b2-d5b0-4726-a02d-02cd971ce4cc...
2026-05-02 01:43:56,859 - INFO - Ticket a74972b2-d5b0-4726-a02d-02cd971ce4cc processed successfully.
2026-05-02 01:43:57,554 - INFO - Processing Ticket ba417ba9-aa23-4d99-9b71-47123a47a740...
2026-05-02 01:43:58,884 - WARNING - [ba417ba9-aa23-4d99-9b71-47123a47a740] No grounding chunks found for ecosystem: none 
2026-05-02 01:44:00,057 - INFO - Ticket ba417ba9-aa23-4d99-9b71-47123a47a740 processed successfully.
2026-05-02 01:44:00,698 - INFO - Processing Ticket e36b277f-d6f3-4aa7-8c49-c843c64912a0...
2026-05-02 01:44:05,148 - INFO - Ticket e36b277f-d6f3-4aa7-8c49-c843c64912a0 processed successfully.
2026-05-02 01:44:05,715 - INFO - Processing Ticket f4f49ab8-3723-4db7-b708-174ef385e41a...
2026-05-02 01:44:07,322 - WARNING - [f4f49ab8-3723-4db7-b708-174ef385e41a] No grounding chunks found for ecosystem: nan
2026-05-02 01:44:09,167 - INFO - Ticket f4f49ab8-3723-4db7-b708-174ef385e41a processed successfully.
2026-05-02 01:44:09,813 - INFO - Processing Ticket ff02c522-caeb-422b-89a2-4d85d277fce2...
2026-05-02 01:44:14,242 - WARNING - [ff02c522-caeb-422b-89a2-4d85d277fce2] No grounding chunks found for ecosystem: nan
2026-05-02 01:44:15,717 - INFO - Ticket ff02c522-caeb-422b-89a2-4d85d277fce2 processed successfully.
2026-05-02 01:44:16,297 - INFO - Average Pipeline Similarity for dataset: 0.8057
2026-05-02 01:44:16,298 - INFO - Target Average: 0.7000 (Threshold: 0.75 - Offset: 0.05)
2026-05-02 01:55:30,076 - INFO - Successfully generated support_tickets/test_predictions.csv with 10 records.
2026-05-02 03:31:59,589 - INFO - Starting pipeline on collection: triage_queue_qas
2026-05-02 03:32:00,076 - INFO - Queue size: 10
2026-05-02 03:32:00,078 - INFO - Processing Ticket 133517f1-852b-4428-8b5a-90a82ea0bbab...
2026-05-02 03:32:10,678 - INFO - Ticket 133517f1-852b-4428-8b5a-90a82ea0bbab processed successfully. New state: ESCALATED
2026-05-02 03:32:10,687 - INFO - Processing Ticket 1dd93108-77cf-4d2c-840b-48d0db241090...
2026-05-02 03:32:15,508 - INFO - Ticket 1dd93108-77cf-4d2c-840b-48d0db241090 processed successfully. New state: ESCALATED
2026-05-02 03:32:15,511 - INFO - Processing Ticket 5992478d-e7e1-49b2-a913-275c0132f87a...
2026-05-02 03:32:19,074 - INFO - Ticket 5992478d-e7e1-49b2-a913-275c0132f87a processed successfully. New state: PROCESSED
2026-05-02 03:32:19,077 - INFO - Processing Ticket 5c4441bd-1cd9-49e3-9e54-c7c296c79f26...
2026-05-02 03:32:22,359 - INFO - Ticket 5c4441bd-1cd9-49e3-9e54-c7c296c79f26 processed successfully. New state: ESCALATED
2026-05-02 03:32:22,362 - INFO - Processing Ticket 760358ac-f180-4d21-8c97-a3fd22468484...
2026-05-02 03:32:28,580 - INFO - Ticket 760358ac-f180-4d21-8c97-a3fd22468484 processed successfully. New state: ESCALATED
2026-05-02 03:32:28,584 - INFO - Processing Ticket 83c1471a-05f2-4237-b35a-d0786130b671...
2026-05-02 03:32:32,605 - INFO - Ticket 83c1471a-05f2-4237-b35a-d0786130b671 processed successfully. New state: PROCESSED
2026-05-02 03:32:32,607 - INFO - Processing Ticket 8b89b4dd-d850-42af-9123-fc8d2a80c958...
2026-05-02 03:32:35,870 - INFO - Ticket 8b89b4dd-d850-42af-9123-fc8d2a80c958 processed successfully. New state: ESCALATED
2026-05-02 03:32:35,873 - INFO - Processing Ticket a0dd1440-bdb7-487e-9a07-0deca3bf4889...
2026-05-02 03:32:49,401 - INFO - Ticket a0dd1440-bdb7-487e-9a07-0deca3bf4889 processed successfully. New state: ESCALATED
2026-05-02 03:32:49,402 - INFO - Processing Ticket ac1fb6b7-9745-4f22-81f7-eed331c96ef6...
2026-05-02 03:32:52,251 - INFO - Ticket ac1fb6b7-9745-4f22-81f7-eed331c96ef6 processed successfully. New state: ESCALATED
2026-05-02 03:32:52,253 - INFO - Processing Ticket dce00ff4-4b81-4b59-ba8d-acf6b9f92db1...
2026-05-02 03:32:56,864 - INFO - Ticket dce00ff4-4b81-4b59-ba8d-acf6b9f92db1 processed successfully. New state: ESCALATED
